# JRE version: Java(TM) SE Runtime Environment (8.0_162-b12) (build 1.8.0_162-b12)
# Java VM: Java HotSpot(TM) 64-Bit Server VM (25.162-b12 mixed mode windows-amd64 compressed oops)
Heap:
 PSYoungGen      total 394752K, used 256657K [0x00000000d5c00000, 0x00000000ef800000, 0x0000000100000000)
  eden space 368640K, 69% used [0x00000000d5c00000,0x00000000e56a47d0,0x00000000ec400000)
  from space 26112K, 0% used [0x00000000ede80000,0x00000000ede80000,0x00000000ef800000)
  to   space 26624K, 0% used [0x00000000ec400000,0x00000000ec400000,0x00000000ede00000)
 ParOldGen       total 194560K, used 64651K [0x0000000081400000, 0x000000008d200000, 0x00000000d5c00000)
  object space 194560K, 33% used [0x0000000081400000,0x0000000085322ef0,0x000000008d200000)
 Metaspace       used 64625K, capacity 65734K, committed 66088K, reserved 1107968K
  class space    used 8122K, capacity 8421K, committed 8488K, reserved 1048576K
GC Heap History (10 events):
Event: 8.920 GC heap before
{Heap before GC invocations=13 (full 2):
 PSYoungGen      total 259072K, used 259069K [0x00000000d5c00000, 0x00000000e9f00000, 0x0000000100000000)
  eden space 247808K, 100% used [0x00000000d5c00000,0x00000000e4e00000,0x00000000e4e00000)
  from space 11264K, 99% used [0x00000000e6500000,0x00000000e6fff718,0x00000000e7000000)
  to   space 23552K, 0% used [0x00000000e4e00000,0x00000000e4e00000,0x00000000e6500000)
 ParOldGen       total 142336K, used 47124K [0x0000000081400000, 0x0000000089f00000, 0x00000000d5c00000)
  object space 142336K, 33% used [0x0000000081400000,0x0000000084205228,0x0000000089f00000)
 Metaspace       used 50492K, capacity 51350K, committed 51880K, reserved 1095680K
  class space    used 6245K, capacity 6452K, committed 6568K, reserved 1048576K
Event: 8.942 GC heap after
Heap after GC invocations=13 (full 2):
 PSYoungGen      total 271360K, used 17902K [0x00000000d5c00000, 0x00000000eb080000, 0x0000000100000000)
  eden space 247808K, 0% used [0x00000000d5c00000,0x00000000d5c00000,0x00000000e4e00000)
  from space 23552K, 76% used [0x00000000e4e00000,0x00000000e5f7b850,0x00000000e6500000)
  to   space 24576K, 0% used [0x00000000e9880000,0x00000000e9880000,0x00000000eb080000)
 ParOldGen       total 142336K, used 52689K [0x0000000081400000, 0x0000000089f00000, 0x00000000d5c00000)
  object space 142336K, 37% used [0x0000000081400000,0x00000000847744c0,0x0000000089f00000)
 Metaspace       used 50492K, capacity 51350K, committed 51880K, reserved 1095680K
  class space    used 6245K, capacity 6452K, committed 6568K, reserved 1048576K
}
Event: 10.173 GC heap before
{Heap before GC invocations=14 (full 2):
 PSYoungGen      total 271360K, used 265710K [0x00000000d5c00000, 0x00000000eb080000, 0x0000000100000000)
  eden space 247808K, 100% used [0x00000000d5c00000,0x00000000e4e00000,0x00000000e4e00000)
  from space 23552K, 76% used [0x00000000e4e00000,0x00000000e5f7b850,0x00000000e6500000)
  to   space 24576K, 0% used [0x00000000e9880000,0x00000000e9880000,0x00000000eb080000)
 ParOldGen       total 142336K, used 52689K [0x0000000081400000, 0x0000000089f00000, 0x00000000d5c00000)
  object space 142336K, 37% used [0x0000000081400000,0x00000000847744c0,0x0000000089f00000)
 Metaspace       used 54989K, capacity 55930K, committed 56360K, reserved 1097728K
  class space    used 6842K, capacity 7111K, committed 7208K, reserved 1048576K
Event: 10.198 GC heap after
Heap after GC invocations=14 (full 2):
 PSYoungGen      total 320512K, used 24563K [0x00000000d5c00000, 0x00000000eb900000, 0x0000000100000000)
  eden space 295936K, 0% used [0x00000000d5c00000,0x00000000d5c00000,0x00000000e7d00000)
  from space 24576K, 99% used [0x00000000e9880000,0x00000000eb07cd90,0x00000000eb080000)
  to   space 28160K, 0% used [0x00000000e7d00000,0x00000000e7d00000,0x00000000e9880000)
 ParOldGen       total 142336K, used 53798K [0x0000000081400000, 0x0000000089f00000, 0x00000000d5c00000)
  object space 142336K, 37% used [0x0000000081400000,0x0000000084889a38,0x0000000089f00000)
 Metaspace       used 54989K, capacity 55930K, committed 56360K, reserved 1097728K
  class space    used 6842K, capacity 7111K, committed 7208K, reserved 1048576K
}
Event: 11.081 GC heap before
{Heap before GC invocations=15 (full 2):
 PSYoungGen      total 320512K, used 320499K [0x00000000d5c00000, 0x00000000eb900000, 0x0000000100000000)
  eden space 295936K, 100% used [0x00000000d5c00000,0x00000000e7d00000,0x00000000e7d00000)
  from space 24576K, 99% used [0x00000000e9880000,0x00000000eb07cd90,0x00000000eb080000)
  to   space 28160K, 0% used [0x00000000e7d00000,0x00000000e7d00000,0x00000000e9880000)
 ParOldGen       total 142336K, used 53798K [0x0000000081400000, 0x0000000089f00000, 0x00000000d5c00000)
  object space 142336K, 37% used [0x0000000081400000,0x0000000084889a38,0x0000000089f00000)
 Metaspace       used 56725K, capacity 57618K, committed 58024K, reserved 1099776K
  class space    used 7052K, capacity 7307K, committed 7336K, reserved 1048576K
Event: 11.113 GC heap after
Heap after GC invocations=15 (full 2):
 PSYoungGen      total 324096K, used 14711K [0x00000000d5c00000, 0x00000000ef900000, 0x0000000100000000)
  eden space 295936K, 0% used [0x00000000d5c00000,0x00000000d5c00000,0x00000000e7d00000)
  from space 28160K, 52% used [0x00000000e7d00000,0x00000000e8b5dfe0,0x00000000e9880000)
  to   space 27136K, 0% used [0x00000000ede80000,0x00000000ede80000,0x00000000ef900000)
 ParOldGen       total 142336K, used 65846K [0x0000000081400000, 0x0000000089f00000, 0x00000000d5c00000)
  object space 142336K, 46% used [0x0000000081400000,0x000000008544db50,0x0000000089f00000)
 Metaspace       used 56725K, capacity 57618K, committed 58024K, reserved 1099776K
  class space    used 7052K, capacity 7307K, committed 7336K, reserved 1048576K
}
Event: 11.581 GC heap before
{Heap before GC invocations=16 (full 2):
 PSYoungGen      total 324096K, used 162793K [0x00000000d5c00000, 0x00000000ef900000, 0x0000000100000000)
  eden space 295936K, 50% used [0x00000000d5c00000,0x00000000dec9c628,0x00000000e7d00000)
  from space 28160K, 52% used [0x00000000e7d00000,0x00000000e8b5dfe0,0x00000000e9880000)
  to   space 27136K, 0% used [0x00000000ede80000,0x00000000ede80000,0x00000000ef900000)
 ParOldGen       total 142336K, used 65846K [0x0000000081400000, 0x0000000089f00000, 0x00000000d5c00000)
  object space 142336K, 46% used [0x0000000081400000,0x000000008544db50,0x0000000089f00000)
 Metaspace       used 57750K, capacity 58692K, committed 59160K, reserved 1101824K
  class space    used 7180K, capacity 7470K, committed 7592K, reserved 1048576K
Event: 11.591 GC heap after
Heap after GC invocations=16 (full 2):
 PSYoungGen      total 394752K, used 10536K [0x00000000d5c00000, 0x00000000ef800000, 0x0000000100000000)
  eden space 368640K, 0% used [0x00000000d5c00000,0x00000000d5c00000,0x00000000ec400000)
  from space 26112K, 40% used [0x00000000ede80000,0x00000000ee8ca1b8,0x00000000ef800000)
  to   space 26624K, 0% used [0x00000000ec400000,0x00000000ec400000,0x00000000ede00000)
 ParOldGen       total 142336K, used 65854K [0x0000000081400000, 0x0000000089f00000, 0x00000000d5c00000)
  object space 142336K, 46% used [0x0000000081400000,0x000000008544fb50,0x0000000089f00000)
 Metaspace       used 57750K, capacity 58692K, committed 59160K, reserved 1101824K
  class space    used 7180K, capacity 7470K, committed 7592K, reserved 1048576K
}
Event: 11.591 GC heap before
{Heap before GC invocations=17 (full 3):
 PSYoungGen      total 394752K, used 10536K [0x00000000d5c00000, 0x00000000ef800000, 0x0000000100000000)
  eden space 368640K, 0% used [0x00000000d5c00000,0x00000000d5c00000,0x00000000ec400000)
  from space 26112K, 40% used [0x00000000ede80000,0x00000000ee8ca1b8,0x00000000ef800000)
  to   space 26624K, 0% used [0x00000000ec400000,0x00000000ec400000,0x00000000ede00000)
 ParOldGen       total 142336K, used 65854K [0x0000000081400000, 0x0000000089f00000, 0x00000000d5c00000)
  object space 142336K, 46% used [0x0000000081400000,0x000000008544fb50,0x0000000089f00000)
 Metaspace       used 57750K, capacity 58692K, committed 59160K, reserved 1101824K
  class space    used 7180K, capacity 7470K, committed 7592K, reserved 1048576K
Event: 11.794 GC heap after
Heap after GC invocations=17 (full 3):
 PSYoungGen      total 394752K, used 0K [0x00000000d5c00000, 0x00000000ef800000, 0x0000000100000000)
  eden space 368640K, 0% used [0x00000000d5c00000,0x00000000d5c00000,0x00000000ec400000)
  from space 26112K, 0% used [0x00000000ede80000,0x00000000ede80000,0x00000000ef800000)
  to   space 26624K, 0% used [0x00000000ec400000,0x00000000ec400000,0x00000000ede00000)
 ParOldGen       total 194560K, used 64651K [0x0000000081400000, 0x000000008d200000, 0x00000000d5c00000)
  object space 194560K, 33% used [0x0000000081400000,0x0000000085322ef0,0x000000008d200000)
 Metaspace       used 57750K, capacity 58692K, committed 59160K, reserved 1101824K
  class space    used 7180K, capacity 7470K, committed 7592K, reserved 1048576K
}

