# JRE version: Java(TM) SE Runtime Environment (8.0_162-b12) (build 1.8.0_162-b12)
# Java VM: Java HotSpot(TM) 64-Bit Server VM (25.162-b12 mixed mode windows-amd64 compressed oops)
Heap:
 PSYoungGen      total 270848K, used 247210K [0x00000000d5c00000, 0x00000000e8000000, 0x0000000100000000)
  eden space 252928K, 97% used [0x00000000d5c00000,0x00000000e4d6aba8,0x00000000e5300000)
  from space 17920K, 0% used [0x00000000e5600000,0x00000000e5600000,0x00000000e6780000)
  to   space 23040K, 0% used [0x00000000e6980000,0x00000000e6980000,0x00000000e8000000)
 ParOldGen       total 130048K, used 42268K [0x0000000081400000, 0x0000000089300000, 0x00000000d5c00000)
  object space 130048K, 32% used [0x0000000081400000,0x0000000083d47208,0x0000000089300000)
 Metaspace       used 43603K, capacity 44374K, committed 44672K, reserved 1087488K
  class space    used 5452K, capacity 5686K, committed 5760K, reserved 1048576K
GC Heap History (10 events):
Event: 3.725 GC heap before
{Heap before GC invocations=7 (full 0):
 PSYoungGen      total 144384K, used 57367K [0x00000000d5c00000, 0x00000000df600000, 0x0000000100000000)
  eden space 132608K, 35% used [0x00000000d5c00000,0x00000000d8a73d38,0x00000000ddd80000)
  from space 11776K, 83% used [0x00000000de980000,0x00000000df312060,0x00000000df500000)
  to   space 12288K, 0% used [0x00000000ddd80000,0x00000000ddd80000,0x00000000de980000)
 ParOldGen       total 87552K, used 13497K [0x0000000081400000, 0x0000000086980000, 0x00000000d5c00000)
  object space 87552K, 15% used [0x0000000081400000,0x000000008212e600,0x0000000086980000)
 Metaspace       used 20720K, capacity 21104K, committed 21296K, reserved 1069056K
  class space    used 2481K, capacity 2618K, committed 2688K, reserved 1048576K
Event: 3.736 GC heap after
Heap after GC invocations=7 (full 0):
 PSYoungGen      total 144896K, used 11189K [0x00000000d5c00000, 0x00000000e7900000, 0x0000000100000000)
  eden space 132608K, 0% used [0x00000000d5c00000,0x00000000d5c00000,0x00000000ddd80000)
  from space 12288K, 91% used [0x00000000ddd80000,0x00000000de86d698,0x00000000de980000)
  to   space 13312K, 0% used [0x00000000e6c00000,0x00000000e6c00000,0x00000000e7900000)
 ParOldGen       total 87552K, used 15065K [0x0000000081400000, 0x0000000086980000, 0x00000000d5c00000)
  object space 87552K, 17% used [0x0000000081400000,0x00000000822b6690,0x0000000086980000)
 Metaspace       used 20720K, capacity 21104K, committed 21296K, reserved 1069056K
  class space    used 2481K, capacity 2618K, committed 2688K, reserved 1048576K
}
Event: 3.736 GC heap before
{Heap before GC invocations=8 (full 1):
 PSYoungGen      total 144896K, used 11189K [0x00000000d5c00000, 0x00000000e7900000, 0x0000000100000000)
  eden space 132608K, 0% used [0x00000000d5c00000,0x00000000d5c00000,0x00000000ddd80000)
  from space 12288K, 91% used [0x00000000ddd80000,0x00000000de86d698,0x00000000de980000)
  to   space 13312K, 0% used [0x00000000e6c00000,0x00000000e6c00000,0x00000000e7900000)
 ParOldGen       total 87552K, used 15065K [0x0000000081400000, 0x0000000086980000, 0x00000000d5c00000)
  object space 87552K, 17% used [0x0000000081400000,0x00000000822b6690,0x0000000086980000)
 Metaspace       used 20720K, capacity 21104K, committed 21296K, reserved 1069056K
  class space    used 2481K, capacity 2618K, committed 2688K, reserved 1048576K
Event: 3.804 GC heap after
Heap after GC invocations=8 (full 1):
 PSYoungGen      total 144896K, used 0K [0x00000000d5c00000, 0x00000000e7900000, 0x0000000100000000)
  eden space 132608K, 0% used [0x00000000d5c00000,0x00000000d5c00000,0x00000000ddd80000)
  from space 12288K, 0% used [0x00000000ddd80000,0x00000000ddd80000,0x00000000de980000)
  to   space 13312K, 0% used [0x00000000e6c00000,0x00000000e6c00000,0x00000000e7900000)
 ParOldGen       total 77824K, used 20663K [0x0000000081400000, 0x0000000086000000, 0x00000000d5c00000)
  object space 77824K, 26% used [0x0000000081400000,0x000000008282dea8,0x0000000086000000)
 Metaspace       used 20720K, capacity 21104K, committed 21296K, reserved 1069056K
  class space    used 2481K, capacity 2618K, committed 2688K, reserved 1048576K
}
Event: 5.507 GC heap before
{Heap before GC invocations=9 (full 1):
 PSYoungGen      total 144896K, used 132608K [0x00000000d5c00000, 0x00000000e7900000, 0x0000000100000000)
  eden space 132608K, 100% used [0x00000000d5c00000,0x00000000ddd80000,0x00000000ddd80000)
  from space 12288K, 0% used [0x00000000ddd80000,0x00000000ddd80000,0x00000000de980000)
  to   space 13312K, 0% used [0x00000000e6c00000,0x00000000e6c00000,0x00000000e7900000)
 ParOldGen       total 77824K, used 20663K [0x0000000081400000, 0x0000000086000000, 0x00000000d5c00000)
  object space 77824K, 26% used [0x0000000081400000,0x000000008282dea8,0x0000000086000000)
 Metaspace       used 25898K, capacity 26474K, committed 26624K, reserved 1073152K
  class space    used 3141K, capacity 3319K, committed 3328K, reserved 1048576K
Event: 5.528 GC heap after
Heap after GC invocations=9 (full 1):
 PSYoungGen      total 208384K, used 13294K [0x00000000d5c00000, 0x00000000e7900000, 0x0000000100000000)
  eden space 195072K, 0% used [0x00000000d5c00000,0x00000000d5c00000,0x00000000e1a80000)
  from space 13312K, 99% used [0x00000000e6c00000,0x00000000e78fb880,0x00000000e7900000)
  to   space 17920K, 0% used [0x00000000e5600000,0x00000000e5600000,0x00000000e6780000)
 ParOldGen       total 77824K, used 27582K [0x0000000081400000, 0x0000000086000000, 0x00000000d5c00000)
  object space 77824K, 35% used [0x0000000081400000,0x0000000082eef9e8,0x0000000086000000)
 Metaspace       used 25898K, capacity 26474K, committed 26624K, reserved 1073152K
  class space    used 3141K, capacity 3319K, committed 3328K, reserved 1048576K
}
Event: 6.334 GC heap before
{Heap before GC invocations=10 (full 1):
 PSYoungGen      total 208384K, used 121799K [0x00000000d5c00000, 0x00000000e7900000, 0x0000000100000000)
  eden space 195072K, 55% used [0x00000000d5c00000,0x00000000dc5f65b8,0x00000000e1a80000)
  from space 13312K, 99% used [0x00000000e6c00000,0x00000000e78fb880,0x00000000e7900000)
  to   space 17920K, 0% used [0x00000000e5600000,0x00000000e5600000,0x00000000e6780000)
 ParOldGen       total 77824K, used 27582K [0x0000000081400000, 0x0000000086000000, 0x00000000d5c00000)
  object space 77824K, 35% used [0x0000000081400000,0x0000000082eef9e8,0x0000000086000000)
 Metaspace       used 34689K, capacity 35286K, committed 35456K, reserved 1081344K
  class space    used 4266K, capacity 4441K, committed 4480K, reserved 1048576K
Event: 6.352 GC heap after
Heap after GC invocations=10 (full 1):
 PSYoungGen      total 270848K, used 17916K [0x00000000d5c00000, 0x00000000e8000000, 0x0000000100000000)
  eden space 252928K, 0% used [0x00000000d5c00000,0x00000000d5c00000,0x00000000e5300000)
  from space 17920K, 99% used [0x00000000e5600000,0x00000000e677f310,0x00000000e6780000)
  to   space 23040K, 0% used [0x00000000e6980000,0x00000000e6980000,0x00000000e8000000)
 ParOldGen       total 77824K, used 34047K [0x0000000081400000, 0x0000000086000000, 0x00000000d5c00000)
  object space 77824K, 43% used [0x0000000081400000,0x000000008353ffc0,0x0000000086000000)
 Metaspace       used 34689K, capacity 35286K, committed 35456K, reserved 1081344K
  class space    used 4266K, capacity 4441K, committed 4480K, reserved 1048576K
}
Event: 6.352 GC heap before
{Heap before GC invocations=11 (full 2):
 PSYoungGen      total 270848K, used 17916K [0x00000000d5c00000, 0x00000000e8000000, 0x0000000100000000)
  eden space 252928K, 0% used [0x00000000d5c00000,0x00000000d5c00000,0x00000000e5300000)
  from space 17920K, 99% used [0x00000000e5600000,0x00000000e677f310,0x00000000e6780000)
  to   space 23040K, 0% used [0x00000000e6980000,0x00000000e6980000,0x00000000e8000000)
 ParOldGen       total 77824K, used 34047K [0x0000000081400000, 0x0000000086000000, 0x00000000d5c00000)
  object space 77824K, 43% used [0x0000000081400000,0x000000008353ffc0,0x0000000086000000)
 Metaspace       used 34689K, capacity 35286K, committed 35456K, reserved 1081344K
  class space    used 4266K, capacity 4441K, committed 4480K, reserved 1048576K
Event: 6.417 GC heap after
Heap after GC invocations=11 (full 2):
 PSYoungGen      total 270848K, used 0K [0x00000000d5c00000, 0x00000000e8000000, 0x0000000100000000)
  eden space 252928K, 0% used [0x00000000d5c00000,0x00000000d5c00000,0x00000000e5300000)
  from space 17920K, 0% used [0x00000000e5600000,0x00000000e5600000,0x00000000e6780000)
  to   space 23040K, 0% used [0x00000000e6980000,0x00000000e6980000,0x00000000e8000000)
 ParOldGen       total 130048K, used 42268K [0x0000000081400000, 0x0000000089300000, 0x00000000d5c00000)
  object space 130048K, 32% used [0x0000000081400000,0x0000000083d47208,0x0000000089300000)
 Metaspace       used 34689K, capacity 35286K, committed 35456K, reserved 1081344K
  class space    used 4266K, capacity 4441K, committed 4480K, reserved 1048576K
}

